31-May-23 12:44:36 - Imported existing <module 'comtypes.gen' from 'C:\\Users\\sfped\\PycharmProjects\\pythonProject\\venv\\lib\\site-packages\\comtypes\\gen\\__init__.py'>
31-May-23 12:44:36 - Using writeable comtypes cache directory: 'C:\Users\sfped\PycharmProjects\pythonProject\venv\lib\site-packages\comtypes\gen'
31-May-23 12:45:35 - Commande reconnue : merci
31-May-23 12:45:35 - Actions exécutées : C:\audio\2.wav,pause : 21
31-May-23 12:46:55 - Commande reconnue : allô
31-May-23 12:46:55 - Actions exécutées : C:\audio\1.wav,pause : 32
31-May-23 12:48:46 - Commande reconnue : allô
31-May-23 12:48:46 - Actions exécutées : C:\audio\1.wav,pause : 32
31-May-23 12:51:09 - Commande reconnue : allô
31-May-23 12:51:09 - Actions exécutées : C:\audio\1.wav,pause : 32
31-May-23 12:51:48 - Commande reconnue : pareil
31-May-23 12:51:48 - Actions exécutées : C:\audio\4.wav,pause : 17
31-May-23 12:53:18 - Imported existing <module 'comtypes.gen' from 'C:\\Users\\sfped\\PycharmProjects\\pythonProject\\venv\\lib\\site-packages\\comtypes\\gen\\__init__.py'>
31-May-23 12:53:18 - Using writeable comtypes cache directory: 'C:\Users\sfped\PycharmProjects\pythonProject\venv\lib\site-packages\comtypes\gen'
31-May-23 13:04:51 - Imported existing <module 'comtypes.gen' from 'C:\\Users\\sfped\\PycharmProjects\\pythonProject\\venv\\lib\\site-packages\\comtypes\\gen\\__init__.py'>
31-May-23 13:04:51 - Using writeable comtypes cache directory: 'C:\Users\sfped\PycharmProjects\pythonProject\venv\lib\site-packages\comtypes\gen'
31-May-23 13:21:33 - Commande reconnue : allô
31-May-23 13:21:33 - Actions exécutées : C:\audio\1.wav,pause : 32
31-May-23 13:22:12 - Commande reconnue : allô
31-May-23 13:22:12 - Actions exécutées : C:\audio\1.wav,pause : 32
31-May-23 13:22:40 - Commande reconnue : merci
31-May-23 13:22:40 - Actions exécutées : C:\audio\2.wav,pause : 21
31-May-23 13:23:18 - Commande reconnue : allô
31-May-23 13:23:18 - Actions exécutées : C:\audio\1.wav,pause : 32
31-May-23 13:27:02 - Imported existing <module 'comtypes.gen' from 'C:\\Users\\sfped\\PycharmProjects\\pythonProject\\venv\\lib\\site-packages\\comtypes\\gen\\__init__.py'>
31-May-23 13:27:02 - Using writeable comtypes cache directory: 'C:\Users\sfped\PycharmProjects\pythonProject\venv\lib\site-packages\comtypes\gen'
31-May-23 13:28:04 - Commande reconnue : allô
31-May-23 13:28:04 - Actions exécutées : C:\audio\1.wav,pause : 32
31-May-23 13:28:42 - Commande reconnue : allô
31-May-23 13:28:42 - Actions exécutées : C:\audio\1.wav,pause : 32
31-May-23 13:29:17 - Commande reconnue : merci
31-May-23 13:29:17 - Actions exécutées : C:\audio\2.wav,pause : 21
31-May-23 13:29:53 - Commande reconnue : une année
31-May-23 13:29:53 - Actions exécutées : C:\audio\3.wav,pause : 30
31-May-23 13:30:24 - Commande reconnue : par mail
31-May-23 13:30:24 - Actions exécutées : C:\audio\4.wav,pause : 17
31-May-23 13:31:07 - Commande reconnue : allô
31-May-23 13:31:07 - Actions exécutées : C:\audio\1.wav,pause : 32
31-May-23 13:31:39 - Commande reconnue : merci
31-May-23 13:31:39 - Actions exécutées : C:\audio\2.wav,pause : 21
31-May-23 13:34:11 - Commande reconnue : allô
31-May-23 13:34:11 - Actions exécutées : C:\audio\1.wav,pause : 32
31-May-23 13:36:18 - Commande reconnue : merci
31-May-23 13:36:18 - Actions exécutées : C:\audio\2.wav,pause : 21
31-May-23 13:38:00 - Commande reconnue : allô
31-May-23 13:38:00 - Actions exécutées : C:\audio\1.wav,pause : 32
31-May-23 13:43:43 - Commande reconnue : merci
31-May-23 13:43:43 - Actions exécutées : C:\audio\2.wav,pause : 21
31-May-23 13:44:50 - Commande reconnue : allô
31-May-23 13:44:50 - Actions exécutées : C:\audio\1.wav,pause : 32
31-May-23 13:50:09 - Imported existing <module 'comtypes.gen' from 'C:\\Users\\sfped\\PycharmProjects\\pythonProject\\venv\\lib\\site-packages\\comtypes\\gen\\__init__.py'>
31-May-23 13:50:09 - Using writeable comtypes cache directory: 'C:\Users\sfped\PycharmProjects\pythonProject\venv\lib\site-packages\comtypes\gen'
31-May-23 13:53:10 - Imported existing <module 'comtypes.gen' from 'C:\\Users\\sfped\\PycharmProjects\\pythonProject\\venv\\lib\\site-packages\\comtypes\\gen\\__init__.py'>
31-May-23 13:53:10 - Using writeable comtypes cache directory: 'C:\Users\sfped\PycharmProjects\pythonProject\venv\lib\site-packages\comtypes\gen'
31-May-23 13:54:34 - Commande reconnue : allô
31-May-23 13:54:34 - Actions exécutées : C:\audio\1.wav,pause : 32
31-May-23 13:56:59 - Commande reconnue : allô
31-May-23 13:56:59 - Actions exécutées : C:\audio\1.wav,pause : 32
31-May-23 13:58:32 - Commande reconnue : bonjour
31-May-23 13:58:32 - Actions exécutées : C:\audio\1.wav,pause : 32
31-May-23 14:00:55 - Imported existing <module 'comtypes.gen' from 'C:\\Users\\sfped\\PycharmProjects\\pythonProject\\venv\\lib\\site-packages\\comtypes\\gen\\__init__.py'>
31-May-23 14:00:55 - Using writeable comtypes cache directory: 'C:\Users\sfped\PycharmProjects\pythonProject\venv\lib\site-packages\comtypes\gen'
31-May-23 14:02:07 - Imported existing <module 'comtypes.gen' from 'C:\\Users\\sfped\\PycharmProjects\\pythonProject\\venv\\lib\\site-packages\\comtypes\\gen\\__init__.py'>
31-May-23 14:02:07 - Using writeable comtypes cache directory: 'C:\Users\sfped\PycharmProjects\pythonProject\venv\lib\site-packages\comtypes\gen'
31-May-23 14:02:35 - Imported existing <module 'comtypes.gen' from 'C:\\Users\\sfped\\PycharmProjects\\pythonProject\\venv\\lib\\site-packages\\comtypes\\gen\\__init__.py'>
31-May-23 14:02:35 - Using writeable comtypes cache directory: 'C:\Users\sfped\PycharmProjects\pythonProject\venv\lib\site-packages\comtypes\gen'
31-May-23 14:14:10 - Imported existing <module 'comtypes.gen' from 'C:\\Users\\sfped\\PycharmProjects\\pythonProject\\venv\\lib\\site-packages\\comtypes\\gen\\__init__.py'>
31-May-23 14:14:10 - Using writeable comtypes cache directory: 'C:\Users\sfped\PycharmProjects\pythonProject\venv\lib\site-packages\comtypes\gen'
31-May-23 14:20:35 - Imported existing <module 'comtypes.gen' from 'C:\\Users\\sfped\\PycharmProjects\\pythonProject\\venv\\lib\\site-packages\\comtypes\\gen\\__init__.py'>
31-May-23 14:20:35 - Using writeable comtypes cache directory: 'C:\Users\sfped\PycharmProjects\pythonProject\venv\lib\site-packages\comtypes\gen'
31-May-23 14:22:14 - Imported existing <module 'comtypes.gen' from 'C:\\Users\\sfped\\PycharmProjects\\pythonProject\\venv\\lib\\site-packages\\comtypes\\gen\\__init__.py'>
31-May-23 14:22:14 - Using writeable comtypes cache directory: 'C:\Users\sfped\PycharmProjects\pythonProject\venv\lib\site-packages\comtypes\gen'
31-May-23 14:24:23 - Imported existing <module 'comtypes.gen' from 'C:\\Users\\sfped\\PycharmProjects\\pythonProject\\venv\\lib\\site-packages\\comtypes\\gen\\__init__.py'>
31-May-23 14:24:23 - Using writeable comtypes cache directory: 'C:\Users\sfped\PycharmProjects\pythonProject\venv\lib\site-packages\comtypes\gen'
31-May-23 14:28:25 - Imported existing <module 'comtypes.gen' from 'C:\\Users\\sfped\\PycharmProjects\\pythonProject\\venv\\lib\\site-packages\\comtypes\\gen\\__init__.py'>
31-May-23 14:28:25 - Using writeable comtypes cache directory: 'C:\Users\sfped\PycharmProjects\pythonProject\venv\lib\site-packages\comtypes\gen'
31-May-23 14:29:23 - Commande reconnue : allô
31-May-23 14:29:23 - Actions exécutées : C:\audio\1.wav,pause : 32
31-May-23 14:31:17 - Imported existing <module 'comtypes.gen' from 'C:\\Users\\sfped\\PycharmProjects\\pythonProject\\venv\\lib\\site-packages\\comtypes\\gen\\__init__.py'>
31-May-23 14:31:17 - Using writeable comtypes cache directory: 'C:\Users\sfped\PycharmProjects\pythonProject\venv\lib\site-packages\comtypes\gen'
